[debug] [2017-10-26T16:41:24.512Z] ----------------------------------------------------------------------
[debug] [2017-10-26T16:41:24.514Z] Command:       C:\Program Files\nodejs\node.exe C:\Users\Duwan_000\AppData\Roaming\npm\node_modules\firebase-tools\bin\firebase serve
[debug] [2017-10-26T16:41:24.515Z] CLI Version:   3.12.0
[debug] [2017-10-26T16:41:24.515Z] Platform:      win32
[debug] [2017-10-26T16:41:24.515Z] Node Version:  v6.11.1
[debug] [2017-10-26T16:41:24.515Z] Time:          Thu Oct 26 2017 12:41:24 GMT-0400 (Eastern Daylight Time)
[debug] [2017-10-26T16:41:24.515Z] ----------------------------------------------------------------------
[debug] 
[debug] [2017-10-26T16:41:24.528Z] > command requires scopes: ["email","openid","https://www.googleapis.com/auth/cloudplatformprojects.readonly","https://www.googleapis.com/auth/firebase","https://www.googleapis.com/auth/cloud-platform"]
[debug] [2017-10-26T16:41:24.528Z] > authorizing via signed-in user
[debug] [2017-10-26T16:41:24.530Z] >>> HTTP REQUEST GET https://admin.firebase.com/v1/projects/add-users-to-app  
 Thu Oct 26 2017 12:41:24 GMT-0400 (Eastern Daylight Time)
[debug] [2017-10-26T16:41:24.983Z] <<< HTTP RESPONSE 200
[debug] [2017-10-26T16:41:24.983Z] >>> HTTP REQUEST GET https://admin.firebase.com/v1/database/add-users-to-app/tokens  
 Thu Oct 26 2017 12:41:24 GMT-0400 (Eastern Daylight Time)
[debug] [2017-10-26T16:41:25.509Z] <<< HTTP RESPONSE 200
[info] 
[info] === Serving from 'C:\Users\Duwan_000\Documents\GitHub\sports-app'...
[info] 
[debug] [2017-10-26T16:41:25.512Z] >>> HTTP REQUEST GET https://cloudresourcemanager.googleapis.com/v1/projects/add-users-to-app  
 Thu Oct 26 2017 12:41:25 GMT-0400 (Eastern Daylight Time)
[debug] [2017-10-26T16:41:25.819Z] <<< HTTP RESPONSE 200
[debug] [2017-10-26T16:41:25.820Z] >>> HTTP REQUEST GET https://mobilesdk-pa.googleapis.com/v1/projects/593111009070/clients/_:getWebAppConfig  
 Thu Oct 26 2017 12:41:25 GMT-0400 (Eastern Daylight Time)
[debug] [2017-10-26T16:41:26.221Z] <<< HTTP RESPONSE 200
[info] i  hosting: Serving hosting files from: build
[info] +  hosting: Local server: http://localhost:5000
